<?xml version="1.0" encoding="UTF-8"?>
<testsuite name="com.fastcampus.projectboard.FastCampusProjectBoardApplicationTests" tests="1" skipped="0" failures="0" errors="0" timestamp="2022-08-17T12:34:17" hostname="Giyeonui-MacBookPro.local" time="0.215">
  <properties/>
  <testcase name="contextLoads()" classname="com.fastcampus.projectboard.FastCampusProjectBoardApplicationTests" time="0.215"/>
  <system-out><![CDATA[21:34:16.628 [Test worker] DEBUG org.springframework.test.context.BootstrapUtils - Instantiating CacheAwareContextLoaderDelegate from class [org.springframework.test.context.cache.DefaultCacheAwareContextLoaderDelegate]
21:34:16.634 [Test worker] DEBUG org.springframework.test.context.BootstrapUtils - Instantiating BootstrapContext using constructor [public org.springframework.test.context.support.DefaultBootstrapContext(java.lang.Class,org.springframework.test.context.CacheAwareContextLoaderDelegate)]
21:34:16.650 [Test worker] DEBUG org.springframework.test.context.BootstrapUtils - Instantiating TestContextBootstrapper for test class [com.fastcampus.projectboard.FastCampusProjectBoardApplicationTests] from class [org.springframework.boot.test.context.SpringBootTestContextBootstrapper]
21:34:16.655 [Test worker] INFO org.springframework.boot.test.context.SpringBootTestContextBootstrapper - Neither @ContextConfiguration nor @ContextHierarchy found for test class [com.fastcampus.projectboard.FastCampusProjectBoardApplicationTests], using SpringBootContextLoader
21:34:16.656 [Test worker] DEBUG org.springframework.test.context.support.AbstractContextLoader - Did not detect default resource location for test class [com.fastcampus.projectboard.FastCampusProjectBoardApplicationTests]: class path resource [com/fastcampus/projectboard/FastCampusProjectBoardApplicationTests-context.xml] does not exist
21:34:16.657 [Test worker] DEBUG org.springframework.test.context.support.AbstractContextLoader - Did not detect default resource location for test class [com.fastcampus.projectboard.FastCampusProjectBoardApplicationTests]: class path resource [com/fastcampus/projectboard/FastCampusProjectBoardApplicationTestsContext.groovy] does not exist
21:34:16.657 [Test worker] INFO org.springframework.test.context.support.AbstractContextLoader - Could not detect default resource locations for test class [com.fastcampus.projectboard.FastCampusProjectBoardApplicationTests]: no resource found for suffixes {-context.xml, Context.groovy}.
21:34:16.657 [Test worker] INFO org.springframework.test.context.support.AnnotationConfigContextLoaderUtils - Could not detect default configuration classes for test class [com.fastcampus.projectboard.FastCampusProjectBoardApplicationTests]: FastCampusProjectBoardApplicationTests does not declare any static, non-private, non-final, nested classes annotated with @Configuration.
21:34:16.675 [Test worker] DEBUG org.springframework.test.context.support.ActiveProfilesUtils - Could not find an 'annotation declaring class' for annotation type [org.springframework.test.context.ActiveProfiles] and class [com.fastcampus.projectboard.FastCampusProjectBoardApplicationTests]
21:34:16.702 [Test worker] DEBUG org.springframework.context.annotation.ClassPathScanningCandidateComponentProvider - Identified candidate component class: file [/Users/giyeonpak/Documents/GitHub/fastcampus/fastcampus-project-board/build/classes/java/main/com/fastcampus/projectboard/FastCampusProjectBoardApplication.class]
21:34:16.703 [Test worker] INFO org.springframework.boot.test.context.SpringBootTestContextBootstrapper - Found @SpringBootConfiguration com.fastcampus.projectboard.FastCampusProjectBoardApplication for test class com.fastcampus.projectboard.FastCampusProjectBoardApplicationTests
21:34:16.741 [Test worker] DEBUG org.springframework.boot.test.context.SpringBootTestContextBootstrapper - @TestExecutionListeners is not present for class [com.fastcampus.projectboard.FastCampusProjectBoardApplicationTests]: using defaults.
21:34:16.741 [Test worker] INFO org.springframework.boot.test.context.SpringBootTestContextBootstrapper - Loaded default TestExecutionListener class names from location [META-INF/spring.factories]: [org.springframework.boot.test.autoconfigure.restdocs.RestDocsTestExecutionListener, org.springframework.boot.test.autoconfigure.web.client.MockRestServiceServerResetTestExecutionListener, org.springframework.boot.test.autoconfigure.web.servlet.MockMvcPrintOnlyOnFailureTestExecutionListener, org.springframework.boot.test.autoconfigure.web.servlet.WebDriverTestExecutionListener, org.springframework.boot.test.autoconfigure.webservices.client.MockWebServiceServerTestExecutionListener, org.springframework.boot.test.mock.mockito.MockitoTestExecutionListener, org.springframework.boot.test.mock.mockito.ResetMocksTestExecutionListener, org.springframework.test.context.web.ServletTestExecutionListener, org.springframework.test.context.support.DirtiesContextBeforeModesTestExecutionListener, org.springframework.test.context.event.ApplicationEventsTestExecutionListener, org.springframework.test.context.support.DependencyInjectionTestExecutionListener, org.springframework.test.context.support.DirtiesContextTestExecutionListener, org.springframework.test.context.transaction.TransactionalTestExecutionListener, org.springframework.test.context.jdbc.SqlScriptsTestExecutionListener, org.springframework.test.context.event.EventPublishingTestExecutionListener]
21:34:16.749 [Test worker] DEBUG org.springframework.boot.test.context.SpringBootTestContextBootstrapper - Skipping candidate TestExecutionListener [org.springframework.test.context.transaction.TransactionalTestExecutionListener] due to a missing dependency. Specify custom listener classes or make the default listener classes and their required dependencies available. Offending class: [org/springframework/transaction/interceptor/TransactionAttributeSource]
21:34:16.749 [Test worker] DEBUG org.springframework.boot.test.context.SpringBootTestContextBootstrapper - Skipping candidate TestExecutionListener [org.springframework.test.context.jdbc.SqlScriptsTestExecutionListener] due to a missing dependency. Specify custom listener classes or make the default listener classes and their required dependencies available. Offending class: [org/springframework/transaction/interceptor/TransactionAttribute]
21:34:16.749 [Test worker] INFO org.springframework.boot.test.context.SpringBootTestContextBootstrapper - Using TestExecutionListeners: [org.springframework.test.context.web.ServletTestExecutionListener@34997338, org.springframework.test.context.support.DirtiesContextBeforeModesTestExecutionListener@57eda880, org.springframework.test.context.event.ApplicationEventsTestExecutionListener@2b5825fa, org.springframework.boot.test.mock.mockito.MockitoTestExecutionListener@53d1b9b3, org.springframework.boot.test.autoconfigure.SpringBootDependencyInjectionTestExecutionListener@2cae1042, org.springframework.test.context.support.DirtiesContextTestExecutionListener@163d04ff, org.springframework.test.context.event.EventPublishingTestExecutionListener@7c209437, org.springframework.boot.test.autoconfigure.restdocs.RestDocsTestExecutionListener@2262b621, org.springframework.boot.test.autoconfigure.web.client.MockRestServiceServerResetTestExecutionListener@7e928e2f, org.springframework.boot.test.autoconfigure.web.servlet.MockMvcPrintOnlyOnFailureTestExecutionListener@f667fe, org.springframework.boot.test.autoconfigure.web.servlet.WebDriverTestExecutionListener@788fcafb, org.springframework.boot.test.autoconfigure.webservices.client.MockWebServiceServerTestExecutionListener@4febb875, org.springframework.boot.test.mock.mockito.ResetMocksTestExecutionListener@25e2a451]
21:34:16.751 [Test worker] DEBUG org.springframework.test.context.support.AbstractDirtiesContextTestExecutionListener - Before test class: context [DefaultTestContext@338494fa testClass = FastCampusProjectBoardApplicationTests, testInstance = [null], testMethod = [null], testException = [null], mergedContextConfiguration = [WebMergedContextConfiguration@505a9d7c testClass = FastCampusProjectBoardApplicationTests, locations = '{}', classes = '{class com.fastcampus.projectboard.FastCampusProjectBoardApplication}', contextInitializerClasses = '[]', activeProfiles = '{}', propertySourceLocations = '{}', propertySourceProperties = '{org.springframework.boot.test.context.SpringBootTestContextBootstrapper=true}', contextCustomizers = set[org.springframework.boot.test.autoconfigure.actuate.metrics.MetricsExportContextCustomizerFactory$DisableMetricExportContextCustomizer@4e423aa2, org.springframework.boot.test.autoconfigure.properties.PropertyMappingContextCustomizer@0, org.springframework.boot.test.autoconfigure.web.servlet.WebDriverContextCustomizerFactory$Customizer@79dc5318, org.springframework.boot.test.context.filter.ExcludeFilterContextCustomizer@54eb2b70, org.springframework.boot.test.json.DuplicateJsonObjectContextCustomizerFactory$DuplicateJsonObjectContextCustomizer@73302995, org.springframework.boot.test.mock.mockito.MockitoContextCustomizer@0, org.springframework.boot.test.web.client.TestRestTemplateContextCustomizer@73d983ea, org.springframework.boot.test.context.SpringBootTestArgs@1, org.springframework.boot.test.context.SpringBootTestWebEnvironment@6200f9cb], resourceBasePath = 'src/main/webapp', contextLoader = 'org.springframework.boot.test.context.SpringBootContextLoader', parent = [null]], attributes = map['org.springframework.test.context.web.ServletTestExecutionListener.activateListener' -> true]], class annotated with @DirtiesContext [false] with mode [null].

  .   ____          _            __ _ _
 /\\ / ___'_ __ _ _(_)_ __  __ _ \ \ \ \
( ( )\___ | '_ | '_| | '_ \/ _` | \ \ \ \
 \\/  ___)| |_)| | | | | || (_| |  ) ) ) )
  '  |____| .__|_| |_|_| |_\__, | / / / /
 =========|_|==============|___/=/_/_/_/
 :: Spring Boot ::                (v2.7.2)

2022-08-17 21:34:16.896  INFO 96928 --- [    Test worker] p.FastCampusProjectBoardApplicationTests : Starting FastCampusProjectBoardApplicationTests using Java 18.0.1.1 on Giyeonui-MacBookPro.local with PID 96928 (started by giyeonpak in /Users/giyeonpak/Documents/GitHub/fastcampus/fastcampus-project-board)
2022-08-17 21:34:16.896  INFO 96928 --- [    Test worker] p.FastCampusProjectBoardApplicationTests : No active profile set, falling back to 1 default profile: "default"
2022-08-17 21:34:17.787  INFO 96928 --- [    Test worker] o.s.b.a.e.web.EndpointLinksResolver      : Exposing 1 endpoint(s) beneath base path '/actuator'
2022-08-17 21:34:17.811  INFO 96928 --- [    Test worker] p.FastCampusProjectBoardApplicationTests : Started FastCampusProjectBoardApplicationTests in 1.042 seconds (JVM running for 1.559)
]]></system-out>
  <system-err><![CDATA[]]></system-err>
</testsuite>
